<?xml version="1.0" encoding="UTF-8"?>
<!-- Generated by org.testng.reporters.JUnitXMLReporter -->
<testsuite hostname="Linus-Dator" ignored="0" name="Surefire test" tests="2" failures="0" timestamp="21 dec 2018 15:55:32 GMT" time="0.144" errors="0">
  <testcase name="shouldAnswerWithTrue on shouldAnswerWithTrue(com.exercise.maven.Calculator_linusw.AppTest)" time="0.004" classname="com.exercise.maven.Calculator_linusw.AppTest"/>
  <testcase name="test on test(com.exercise.maven.Calculator_linusw.CalculatorTest)" time="0.117" classname="com.exercise.maven.Calculator_linusw.CalculatorTest"/>
</testsuite> <!-- Surefire test -->
