<?xml version="1.0" encoding="UTF-8"?>
<testng-results skipped="0" failed="0" ignored="0" total="2" passed="2">
  <reporter-output>
  </reporter-output>
  <suite name="Surefire suite" duration-ms="144" started-at="2018-12-21T15:55:32Z" finished-at="2018-12-21T15:55:32Z">
    <groups>
    </groups>
    <test name="Surefire test" duration-ms="144" started-at="2018-12-21T15:55:32Z" finished-at="2018-12-21T15:55:32Z">
      <class name="com.exercise.maven.Calculator_linusw.AppTest">
        <test-method status="PASS" signature="shouldAnswerWithTrue()" name="shouldAnswerWithTrue" duration-ms="4" started-at="2018-12-21T16:55:32Z" finished-at="2018-12-21T16:55:32Z">
          <reporter-output>
          </reporter-output>
        </test-method> <!-- shouldAnswerWithTrue -->
      </class> <!-- com.exercise.maven.Calculator_linusw.AppTest -->
      <class name="com.exercise.maven.Calculator_linusw.CalculatorTest">
        <test-method status="PASS" signature="test()" name="test" duration-ms="117" started-at="2018-12-21T16:55:32Z" finished-at="2018-12-21T16:55:32Z">
          <reporter-output>
          </reporter-output>
        </test-method> <!-- test -->
      </class> <!-- com.exercise.maven.Calculator_linusw.CalculatorTest -->
    </test> <!-- Surefire test -->
  </suite> <!-- Surefire suite -->
</testng-results>
