<?xml version="1.0" encoding="UTF-8"?>
<testsuite xmlns:xsi="http://www.w3.org/2001/XMLSchema-instance" xsi:noNamespaceSchemaLocation="https://maven.apache.org/surefire/maven-surefire-plugin/xsd/surefire-test-report.xsd" name="TestSuite" time="2.232" tests="2" errors="0" skipped="0" failures="0">
  <properties>
[...]
</properties>
  <testcase name="shouldAnswerWithTrue on shouldAnswerWithTrue(com.exercise.maven.Calculator_linusw.AppTest)" classname="com.exercise.maven.Calculator_linusw.AppTest" time="0.001"/>
  <testcase name="test on test(com.exercise.maven.Calculator_linusw.CalculatorTest)" classname="com.exercise.maven.Calculator_linusw.CalculatorTest" time="2.02"/>
</testsuite>